<?xml version="1.0" encoding="UTF-8"?>
<testsuite name="com.tutorplatform.student.infrastructure.persistence.StudentRepositoryIntegrationTest" tests="4" skipped="0" failures="0" errors="0" timestamp="2026-09-07T11:21:55.442Z" hostname="Egors-MacBook-Pro.local" time="1.452">
  <properties/>
  <testcase name="studentCanBePersistedWithoutUserAccount()" classname="com.tutorplatform.student.infrastructure.persistence.StudentRepositoryIntegrationTest" time="0.012"/>
  <testcase name="cleanPostgresIsMigratedFromV001ThroughV002()" classname="com.tutorplatform.student.infrastructure.persistence.StudentRepositoryIntegrationTest" time="0.028"/>
  <testcase name="secondActivePrimaryTeacherIsRejected()" classname="com.tutorplatform.student.infrastructure.persistence.StudentRepositoryIntegrationTest" time="0.03"/>
  <testcase name="inviteTokenHashMustBeUnique()" classname="com.tutorplatform.student.infrastructure.persistence.StudentRepositoryIntegrationTest" time="0.017"/>
  <system-out><![CDATA[2026-09-07T14:21:55.444+03:00  INFO 11250 --- [tutor-learning-platform-backend] [    Test worker] t.c.s.AnnotationConfigContextLoaderUtils : Could not detect default configuration classes for test class [com.tutorplatform.student.infrastructure.persistence.StudentRepositoryIntegrationTest]: StudentRepositoryIntegrationTest does not declare any static, non-private, non-final, nested classes annotated with @Configuration.
2026-09-07T14:21:55.454+03:00  INFO 11250 --- [tutor-learning-platform-backend] [    Test worker] .b.t.c.SpringBootTestContextBootstrapper : Found @SpringBootConfiguration com.tutorplatform.TutorLearningPlatformApplication for test class com.tutorplatform.student.infrastructure.persistence.StudentRepositoryIntegrationTest
2026-09-07T14:21:55.455+03:00  INFO 11250 --- [tutor-learning-platform-backend] [    Test worker] tc.postgres:16-alpine                    : Creating container for image: postgres:16-alpine
2026-09-07T14:21:55.531+03:00  INFO 11250 --- [tutor-learning-platform-backend] [    Test worker] tc.postgres:16-alpine                    : Container postgres:16-alpine is starting: ad6cc793559335cfa37f670bc510824c614bec403100d3f3beb5aad72b22da02
2026-09-07T14:21:56.539+03:00  INFO 11250 --- [tutor-learning-platform-backend] [    Test worker] tc.postgres:16-alpine                    : Container postgres:16-alpine started in PT1.084163S
2026-09-07T14:21:56.540+03:00  INFO 11250 --- [tutor-learning-platform-backend] [    Test worker] tc.postgres:16-alpine                    : Container is started (JDBC URL: jdbc:postgresql://localhost:53906/test?loggerLevel=OFF)

  .   ____          _            __ _ _
 /\\ / ___'_ __ _ _(_)_ __  __ _ \ \ \ \
( ( )\___ | '_ | '_| | '_ \/ _` | \ \ \ \
 \\/  ___)| |_)| | | | | || (_| |  ) ) ) )
  '  |____| .__|_| |_|_| |_\__, | / / / /
 =========|_|==============|___/=/_/_/_/

 :: Spring Boot ::                (v3.5.5)

2026-09-07T14:21:56.554+03:00  INFO 11250 --- [tutor-learning-platform-backend] [    Test worker] t.s.i.p.StudentRepositoryIntegrationTest : Starting StudentRepositoryIntegrationTest using Java 21.0.6 with PID 11250 (started by egorgladkikh in /Users/egorgladkikh/Desktop/tutor-learning-platform/backend)
2026-09-07T14:21:56.555+03:00  INFO 11250 --- [tutor-learning-platform-backend] [    Test worker] t.s.i.p.StudentRepositoryIntegrationTest : No active profile set, falling back to 1 default profile: "default"
2026-09-07T14:21:56.589+03:00  INFO 11250 --- [tutor-learning-platform-backend] [    Test worker] .s.d.r.c.RepositoryConfigurationDelegate : Bootstrapping Spring Data JPA repositories in DEFAULT mode.
2026-09-07T14:21:56.597+03:00  INFO 11250 --- [tutor-learning-platform-backend] [    Test worker] .s.d.r.c.RepositoryConfigurationDelegate : Finished Spring Data repository scanning in 7 ms. Found 5 JPA repository interfaces.
2026-09-07T14:21:56.617+03:00  INFO 11250 --- [tutor-learning-platform-backend] [    Test worker] com.zaxxer.hikari.HikariDataSource       : HikariPool-5 - Starting...
2026-09-07T14:21:56.629+03:00  INFO 11250 --- [tutor-learning-platform-backend] [    Test worker] com.zaxxer.hikari.pool.HikariPool        : HikariPool-5 - Added connection org.postgresql.jdbc.PgConnection@9f52c05
2026-09-07T14:21:56.629+03:00  INFO 11250 --- [tutor-learning-platform-backend] [    Test worker] com.zaxxer.hikari.HikariDataSource       : HikariPool-5 - Start completed.
2026-09-07T14:21:56.630+03:00  INFO 11250 --- [tutor-learning-platform-backend] [    Test worker] org.flywaydb.core.FlywayExecutor         : Database: jdbc:postgresql://localhost:53906/test?loggerLevel=OFF (PostgreSQL 16.15)
2026-09-07T14:21:56.639+03:00  INFO 11250 --- [tutor-learning-platform-backend] [    Test worker] o.f.c.i.s.JdbcTableSchemaHistory         : Schema history table "public"."flyway_schema_history" does not exist yet
2026-09-07T14:21:56.640+03:00  INFO 11250 --- [tutor-learning-platform-backend] [    Test worker] o.f.core.internal.command.DbValidate     : Successfully validated 2 migrations (execution time 00:00.003s)
2026-09-07T14:21:56.647+03:00  INFO 11250 --- [tutor-learning-platform-backend] [    Test worker] o.f.c.i.s.JdbcTableSchemaHistory         : Creating Schema History table "public"."flyway_schema_history" ...
2026-09-07T14:21:56.666+03:00  INFO 11250 --- [tutor-learning-platform-backend] [    Test worker] o.f.core.internal.command.DbMigrate      : Current version of schema "public": << Empty Schema >>
2026-09-07T14:21:56.668+03:00  INFO 11250 --- [tutor-learning-platform-backend] [    Test worker] o.f.core.internal.command.DbMigrate      : Migrating schema "public" to version "001 - extensions and identity"
2026-09-07T14:21:56.696+03:00  INFO 11250 --- [tutor-learning-platform-backend] [    Test worker] o.f.core.internal.command.DbMigrate      : Migrating schema "public" to version "002 - students and invites"
2026-09-07T14:21:56.711+03:00  INFO 11250 --- [tutor-learning-platform-backend] [    Test worker] o.f.core.internal.command.DbMigrate      : Successfully applied 2 migrations to schema "public", now at version v002 (execution time 00:00.030s)
2026-09-07T14:21:56.719+03:00  INFO 11250 --- [tutor-learning-platform-backend] [    Test worker] o.hibernate.jpa.internal.util.LogHelper  : HHH000204: Processing PersistenceUnitInfo [name: default]
2026-09-07T14:21:56.720+03:00  INFO 11250 --- [tutor-learning-platform-backend] [    Test worker] o.h.c.internal.RegionFactoryInitiator    : HHH000026: Second-level cache disabled
2026-09-07T14:21:56.723+03:00  INFO 11250 --- [tutor-learning-platform-backend] [    Test worker] o.s.o.j.p.SpringPersistenceUnitInfo      : No LoadTimeWeaver setup: ignoring JPA class transformer
2026-09-07T14:21:56.727+03:00  INFO 11250 --- [tutor-learning-platform-backend] [    Test worker] org.hibernate.orm.connections.pooling    : HHH10001005: Database info:
	Database JDBC URL [Connecting through datasource 'HikariDataSource (HikariPool-5)']
	Database driver: undefined/unknown
	Database version: 16.15
	Autocommit mode: undefined/unknown
	Isolation level: undefined/unknown
	Minimum pool size: undefined/unknown
	Maximum pool size: undefined/unknown
2026-09-07T14:21:56.756+03:00  INFO 11250 --- [tutor-learning-platform-backend] [    Test worker] o.h.e.t.j.p.i.JtaPlatformInitiator       : HHH000489: No JTA platform available (set 'hibernate.transaction.jta.platform' to enable JTA platform integration)
2026-09-07T14:21:56.769+03:00  INFO 11250 --- [tutor-learning-platform-backend] [    Test worker] j.LocalContainerEntityManagerFactoryBean : Initialized JPA EntityManagerFactory for persistence unit 'default'
2026-09-07T14:21:56.804+03:00  INFO 11250 --- [tutor-learning-platform-backend] [    Test worker] t.s.i.p.StudentRepositoryIntegrationTest : Started StudentRepositoryIntegrationTest in 0.261 seconds (process running for 19.609)
Hibernate: select sdm1_0.id,sdm1_0.created_at,sdm1_0.first_name,sdm1_0.last_name,sdm1_0.status,sdm1_0.updated_at,sdm1_0.user_id from students sdm1_0 where sdm1_0.id=?
Hibernate: select sdm1_0.id,sdm1_0.created_at,sdm1_0.first_name,sdm1_0.last_name,sdm1_0.status,sdm1_0.updated_at,sdm1_0.user_id from students sdm1_0 where sdm1_0.id=?
Hibernate: insert into students (created_at,first_name,last_name,status,updated_at,user_id,id) values (?,?,?,?,?,?,?)
Hibernate: select sdm1_0.id,sdm1_0.created_at,sdm1_0.first_name,sdm1_0.last_name,sdm1_0.status,sdm1_0.updated_at,sdm1_0.user_id from students sdm1_0 where sdm1_0.id=?
Hibernate: select ue1_0.id,ue1_0.created_at,ue1_0.email,ue1_0.last_login_at,ue1_0.password_hash,r1_0.user_id,r1_0.role,ue1_0.status,ue1_0.updated_at from users ue1_0 left join user_roles r1_0 on ue1_0.id=r1_0.user_id where ue1_0.id=?
Hibernate: insert into users (created_at,email,last_login_at,password_hash,status,updated_at,id) values (?,?,?,?,?,?,?)
Hibernate: insert into user_roles (user_id,role) values (?,?)
Hibernate: select te1_0.id,te1_0.created_at,te1_0.display_name,te1_0.updated_at,te1_0.user_id from teachers te1_0 where te1_0.id=?
Hibernate: insert into teachers (created_at,display_name,updated_at,user_id,id) values (?,?,?,?,?)
Hibernate: select ue1_0.id,ue1_0.created_at,ue1_0.email,ue1_0.last_login_at,ue1_0.password_hash,r1_0.user_id,r1_0.role,ue1_0.status,ue1_0.updated_at from users ue1_0 left join user_roles r1_0 on ue1_0.id=r1_0.user_id where ue1_0.id=?
Hibernate: insert into users (created_at,email,last_login_at,password_hash,status,updated_at,id) values (?,?,?,?,?,?,?)
Hibernate: insert into user_roles (user_id,role) values (?,?)
Hibernate: select te1_0.id,te1_0.created_at,te1_0.display_name,te1_0.updated_at,te1_0.user_id from teachers te1_0 where te1_0.id=?
Hibernate: insert into teachers (created_at,display_name,updated_at,user_id,id) values (?,?,?,?,?)
Hibernate: select sdm1_0.id,sdm1_0.created_at,sdm1_0.first_name,sdm1_0.last_name,sdm1_0.status,sdm1_0.updated_at,sdm1_0.user_id from students sdm1_0 where sdm1_0.id=?
Hibernate: select sdm1_0.id,sdm1_0.created_at,sdm1_0.first_name,sdm1_0.last_name,sdm1_0.status,sdm1_0.updated_at,sdm1_0.user_id from students sdm1_0 where sdm1_0.id=?
Hibernate: insert into students (created_at,first_name,last_name,status,updated_at,user_id,id) values (?,?,?,?,?,?,?)
Hibernate: select tsle1_0.student_id,tsle1_0.teacher_id,tsle1_0.created_at,tsle1_0.ended_at,tsle1_0.relation_type,tsle1_0.started_at from teacher_student_links tsle1_0 where (tsle1_0.student_id,tsle1_0.teacher_id) in ((?,?))
Hibernate: insert into teacher_student_links (created_at,ended_at,relation_type,started_at,student_id,teacher_id) values (?,?,?,?,?,?)
Hibernate: select tsle1_0.student_id,tsle1_0.teacher_id,tsle1_0.created_at,tsle1_0.ended_at,tsle1_0.relation_type,tsle1_0.started_at from teacher_student_links tsle1_0 where (tsle1_0.student_id,tsle1_0.teacher_id) in ((?,?))
Hibernate: insert into teacher_student_links (created_at,ended_at,relation_type,started_at,student_id,teacher_id) values (?,?,?,?,?,?)
2026-09-07T14:21:56.872+03:00  WARN 11250 --- [tutor-learning-platform-backend] [    Test worker] o.h.engine.jdbc.spi.SqlExceptionHelper   : SQL Error: 0, SQLState: 23505
2026-09-07T14:21:56.872+03:00 ERROR 11250 --- [tutor-learning-platform-backend] [    Test worker] o.h.engine.jdbc.spi.SqlExceptionHelper   : ERROR: duplicate key value violates unique constraint "uq_student_primary_teacher_active"
  Detail: Key (student_id)=(4acb3107-6c76-4c3d-8639-6c652e047f4b) already exists.
Hibernate: select ue1_0.id,ue1_0.created_at,ue1_0.email,ue1_0.last_login_at,ue1_0.password_hash,r1_0.user_id,r1_0.role,ue1_0.status,ue1_0.updated_at from users ue1_0 left join user_roles r1_0 on ue1_0.id=r1_0.user_id where ue1_0.id=?
Hibernate: insert into users (created_at,email,last_login_at,password_hash,status,updated_at,id) values (?,?,?,?,?,?,?)
Hibernate: insert into user_roles (user_id,role) values (?,?)
Hibernate: select te1_0.id,te1_0.created_at,te1_0.display_name,te1_0.updated_at,te1_0.user_id from teachers te1_0 where te1_0.id=?
Hibernate: insert into teachers (created_at,display_name,updated_at,user_id,id) values (?,?,?,?,?)
Hibernate: select sdm1_0.id,sdm1_0.created_at,sdm1_0.first_name,sdm1_0.last_name,sdm1_0.status,sdm1_0.updated_at,sdm1_0.user_id from students sdm1_0 where sdm1_0.id=?
Hibernate: select sdm1_0.id,sdm1_0.created_at,sdm1_0.first_name,sdm1_0.last_name,sdm1_0.status,sdm1_0.updated_at,sdm1_0.user_id from students sdm1_0 where sdm1_0.id=?
Hibernate: insert into students (created_at,first_name,last_name,status,updated_at,user_id,id) values (?,?,?,?,?,?,?)
Hibernate: select sie1_0.id,sie1_0.accepted_at,sie1_0.created_at,sie1_0.created_by_teacher_id,sie1_0.email,sie1_0.expires_at,sie1_0.revoked_at,sie1_0.student_id,sie1_0.token_hash from student_invites sie1_0 where sie1_0.id=?
Hibernate: insert into student_invites (accepted_at,created_at,created_by_teacher_id,email,expires_at,revoked_at,student_id,token_hash,id) values (?,?,?,?,?,?,?,?,?)
Hibernate: select sie1_0.id,sie1_0.accepted_at,sie1_0.created_at,sie1_0.created_by_teacher_id,sie1_0.email,sie1_0.expires_at,sie1_0.revoked_at,sie1_0.student_id,sie1_0.token_hash from student_invites sie1_0 where sie1_0.id=?
Hibernate: insert into student_invites (accepted_at,created_at,created_by_teacher_id,email,expires_at,revoked_at,student_id,token_hash,id) values (?,?,?,?,?,?,?,?,?)
2026-09-07T14:21:56.892+03:00  WARN 11250 --- [tutor-learning-platform-backend] [    Test worker] o.h.engine.jdbc.spi.SqlExceptionHelper   : SQL Error: 0, SQLState: 23505
2026-09-07T14:21:56.893+03:00 ERROR 11250 --- [tutor-learning-platform-backend] [    Test worker] o.h.engine.jdbc.spi.SqlExceptionHelper   : ERROR: duplicate key value violates unique constraint "student_invites_token_hash_key"
  Detail: Key (token_hash)=(same-token-hash) already exists.
]]></system-out>
  <system-err><![CDATA[]]></system-err>
</testsuite>
