<?xml version="1.0" encoding="UTF-8"?>
<testsuite name="com.tutorplatform.user.infrastructure.persistence.IdentityRepositoryIntegrationTest" tests="4" skipped="0" failures="0" errors="0" timestamp="2026-09-07T11:21:57.070Z" hostname="Egors-MacBook-Pro.local" time="1.537">
  <properties/>
  <testcase name="emailIsUniqueCaseInsensitively()" classname="com.tutorplatform.user.infrastructure.persistence.IdentityRepositoryIntegrationTest" time="0.009"/>
  <testcase name="flywayMigratesCleanPostgresAndRolesArePersisted()" classname="com.tutorplatform.user.infrastructure.persistence.IdentityRepositoryIntegrationTest" time="0.007"/>
  <testcase name="teacherIsLinkedToUserAndCanBeFoundByUserId()" classname="com.tutorplatform.user.infrastructure.persistence.IdentityRepositoryIntegrationTest" time="0.01"/>
  <testcase name="emailLookupUsesCitextEquality()" classname="com.tutorplatform.user.infrastructure.persistence.IdentityRepositoryIntegrationTest" time="0.009"/>
  <system-out><![CDATA[2026-09-07T14:21:57.071+03:00  INFO 11250 --- [tutor-learning-platform-backend] [    Test worker] t.c.s.AnnotationConfigContextLoaderUtils : Could not detect default configuration classes for test class [com.tutorplatform.user.infrastructure.persistence.IdentityRepositoryIntegrationTest]: IdentityRepositoryIntegrationTest does not declare any static, non-private, non-final, nested classes annotated with @Configuration.
2026-09-07T14:21:57.083+03:00  INFO 11250 --- [tutor-learning-platform-backend] [    Test worker] .b.t.c.SpringBootTestContextBootstrapper : Found @SpringBootConfiguration com.tutorplatform.TutorLearningPlatformApplication for test class com.tutorplatform.user.infrastructure.persistence.IdentityRepositoryIntegrationTest
2026-09-07T14:21:57.084+03:00  INFO 11250 --- [tutor-learning-platform-backend] [    Test worker] tc.postgres:16-alpine                    : Creating container for image: postgres:16-alpine
2026-09-07T14:21:57.164+03:00  INFO 11250 --- [tutor-learning-platform-backend] [    Test worker] tc.postgres:16-alpine                    : Container postgres:16-alpine is starting: 569f4afbb1d5709f79b42c3732712862f04abecbc97a45ad2154ae767d665c62
2026-09-07T14:21:58.175+03:00  INFO 11250 --- [tutor-learning-platform-backend] [    Test worker] tc.postgres:16-alpine                    : Container postgres:16-alpine started in PT1.090959S
2026-09-07T14:21:58.175+03:00  INFO 11250 --- [tutor-learning-platform-backend] [    Test worker] tc.postgres:16-alpine                    : Container is started (JDBC URL: jdbc:postgresql://localhost:53953/test?loggerLevel=OFF)

  .   ____          _            __ _ _
 /\\ / ___'_ __ _ _(_)_ __  __ _ \ \ \ \
( ( )\___ | '_ | '_| | '_ \/ _` | \ \ \ \
 \\/  ___)| |_)| | | | | || (_| |  ) ) ) )
  '  |____| .__|_| |_|_| |_\__, | / / / /
 =========|_|==============|___/=/_/_/_/

 :: Spring Boot ::                (v3.5.5)

2026-09-07T14:21:58.184+03:00  INFO 11250 --- [tutor-learning-platform-backend] [    Test worker] .u.i.p.IdentityRepositoryIntegrationTest : Starting IdentityRepositoryIntegrationTest using Java 21.0.6 with PID 11250 (started by egorgladkikh in /Users/egorgladkikh/Desktop/tutor-learning-platform/backend)
2026-09-07T14:21:58.184+03:00  INFO 11250 --- [tutor-learning-platform-backend] [    Test worker] .u.i.p.IdentityRepositoryIntegrationTest : No active profile set, falling back to 1 default profile: "default"
2026-09-07T14:21:58.220+03:00  INFO 11250 --- [tutor-learning-platform-backend] [    Test worker] .s.d.r.c.RepositoryConfigurationDelegate : Bootstrapping Spring Data JPA repositories in DEFAULT mode.
2026-09-07T14:21:58.227+03:00  INFO 11250 --- [tutor-learning-platform-backend] [    Test worker] .s.d.r.c.RepositoryConfigurationDelegate : Finished Spring Data repository scanning in 6 ms. Found 5 JPA repository interfaces.
2026-09-07T14:21:58.241+03:00  INFO 11250 --- [tutor-learning-platform-backend] [    Test worker] com.zaxxer.hikari.HikariDataSource       : HikariPool-6 - Starting...
2026-09-07T14:21:58.338+03:00  INFO 11250 --- [tutor-learning-platform-backend] [    Test worker] com.zaxxer.hikari.pool.HikariPool        : HikariPool-6 - Added connection org.postgresql.jdbc.PgConnection@12d4aef0
2026-09-07T14:21:58.338+03:00  INFO 11250 --- [tutor-learning-platform-backend] [    Test worker] com.zaxxer.hikari.HikariDataSource       : HikariPool-6 - Start completed.
2026-09-07T14:21:58.341+03:00  INFO 11250 --- [tutor-learning-platform-backend] [    Test worker] org.flywaydb.core.FlywayExecutor         : Database: jdbc:postgresql://localhost:53953/test?loggerLevel=OFF (PostgreSQL 16.15)
2026-09-07T14:21:58.383+03:00  INFO 11250 --- [tutor-learning-platform-backend] [    Test worker] o.f.c.i.s.JdbcTableSchemaHistory         : Schema history table "public"."flyway_schema_history" does not exist yet
2026-09-07T14:21:58.383+03:00  INFO 11250 --- [tutor-learning-platform-backend] [    Test worker] o.f.core.internal.command.DbValidate     : Successfully validated 2 migrations (execution time 00:00.003s)
2026-09-07T14:21:58.391+03:00  INFO 11250 --- [tutor-learning-platform-backend] [    Test worker] o.f.c.i.s.JdbcTableSchemaHistory         : Creating Schema History table "public"."flyway_schema_history" ...
2026-09-07T14:21:58.412+03:00  INFO 11250 --- [tutor-learning-platform-backend] [    Test worker] o.f.core.internal.command.DbMigrate      : Current version of schema "public": << Empty Schema >>
2026-09-07T14:21:58.421+03:00  INFO 11250 --- [tutor-learning-platform-backend] [    Test worker] o.f.core.internal.command.DbMigrate      : Migrating schema "public" to version "001 - extensions and identity"
2026-09-07T14:21:58.458+03:00  INFO 11250 --- [tutor-learning-platform-backend] [    Test worker] o.f.core.internal.command.DbMigrate      : Migrating schema "public" to version "002 - students and invites"
2026-09-07T14:21:58.475+03:00  INFO 11250 --- [tutor-learning-platform-backend] [    Test worker] o.f.core.internal.command.DbMigrate      : Successfully applied 2 migrations to schema "public", now at version v002 (execution time 00:00.045s)
2026-09-07T14:21:58.483+03:00  INFO 11250 --- [tutor-learning-platform-backend] [    Test worker] o.hibernate.jpa.internal.util.LogHelper  : HHH000204: Processing PersistenceUnitInfo [name: default]
2026-09-07T14:21:58.485+03:00  INFO 11250 --- [tutor-learning-platform-backend] [    Test worker] o.h.c.internal.RegionFactoryInitiator    : HHH000026: Second-level cache disabled
2026-09-07T14:21:58.489+03:00  INFO 11250 --- [tutor-learning-platform-backend] [    Test worker] o.s.o.j.p.SpringPersistenceUnitInfo      : No LoadTimeWeaver setup: ignoring JPA class transformer
2026-09-07T14:21:58.493+03:00  INFO 11250 --- [tutor-learning-platform-backend] [    Test worker] org.hibernate.orm.connections.pooling    : HHH10001005: Database info:
	Database JDBC URL [Connecting through datasource 'HikariDataSource (HikariPool-6)']
	Database driver: undefined/unknown
	Database version: 16.15
	Autocommit mode: undefined/unknown
	Isolation level: undefined/unknown
	Minimum pool size: undefined/unknown
	Maximum pool size: undefined/unknown
2026-09-07T14:21:58.525+03:00  INFO 11250 --- [tutor-learning-platform-backend] [    Test worker] o.h.e.t.j.p.i.JtaPlatformInitiator       : HHH000489: No JTA platform available (set 'hibernate.transaction.jta.platform' to enable JTA platform integration)
2026-09-07T14:21:58.539+03:00  INFO 11250 --- [tutor-learning-platform-backend] [    Test worker] j.LocalContainerEntityManagerFactoryBean : Initialized JPA EntityManagerFactory for persistence unit 'default'
2026-09-07T14:21:58.568+03:00  INFO 11250 --- [tutor-learning-platform-backend] [    Test worker] .u.i.p.IdentityRepositoryIntegrationTest : Started IdentityRepositoryIntegrationTest in 0.392 seconds (process running for 21.373)
Hibernate: select ue1_0.id,ue1_0.created_at,ue1_0.email,ue1_0.last_login_at,ue1_0.password_hash,r1_0.user_id,r1_0.role,ue1_0.status,ue1_0.updated_at from users ue1_0 left join user_roles r1_0 on ue1_0.id=r1_0.user_id where ue1_0.id=?
Hibernate: insert into users (created_at,email,last_login_at,password_hash,status,updated_at,id) values (?,?,?,?,?,?,?)
Hibernate: select ue1_0.id,ue1_0.created_at,ue1_0.email,ue1_0.last_login_at,ue1_0.password_hash,r1_0.user_id,r1_0.role,ue1_0.status,ue1_0.updated_at from users ue1_0 left join user_roles r1_0 on ue1_0.id=r1_0.user_id where ue1_0.id=?
Hibernate: insert into users (created_at,email,last_login_at,password_hash,status,updated_at,id) values (?,?,?,?,?,?,?)
2026-09-07T14:21:58.578+03:00  WARN 11250 --- [tutor-learning-platform-backend] [    Test worker] o.h.engine.jdbc.spi.SqlExceptionHelper   : SQL Error: 0, SQLState: 23505
2026-09-07T14:21:58.578+03:00 ERROR 11250 --- [tutor-learning-platform-backend] [    Test worker] o.h.engine.jdbc.spi.SqlExceptionHelper   : ERROR: duplicate key value violates unique constraint "users_email_key"
  Detail: Key (email)=(teacher@example.com) already exists.
Hibernate: select ue1_0.id,ue1_0.created_at,ue1_0.email,ue1_0.last_login_at,ue1_0.password_hash,r1_0.user_id,r1_0.role,ue1_0.status,ue1_0.updated_at from users ue1_0 left join user_roles r1_0 on ue1_0.id=r1_0.user_id where ue1_0.id=?
Hibernate: insert into users (created_at,email,last_login_at,password_hash,status,updated_at,id) values (?,?,?,?,?,?,?)
Hibernate: insert into user_roles (user_id,role) values (?,?)
Hibernate: insert into user_roles (user_id,role) values (?,?)
Hibernate: select ue1_0.id,ue1_0.created_at,ue1_0.email,ue1_0.last_login_at,ue1_0.password_hash,r1_0.user_id,r1_0.role,ue1_0.status,ue1_0.updated_at from users ue1_0 left join user_roles r1_0 on ue1_0.id=r1_0.user_id where ue1_0.id=?
Hibernate: select ue1_0.id,ue1_0.created_at,ue1_0.email,ue1_0.last_login_at,ue1_0.password_hash,r1_0.user_id,r1_0.role,ue1_0.status,ue1_0.updated_at from users ue1_0 left join user_roles r1_0 on ue1_0.id=r1_0.user_id where ue1_0.id=?
Hibernate: insert into users (created_at,email,last_login_at,password_hash,status,updated_at,id) values (?,?,?,?,?,?,?)
Hibernate: insert into user_roles (user_id,role) values (?,?)
Hibernate: select te1_0.id,te1_0.created_at,te1_0.display_name,te1_0.updated_at,te1_0.user_id from teachers te1_0 where te1_0.id=?
Hibernate: insert into teachers (created_at,display_name,updated_at,user_id,id) values (?,?,?,?,?)
Hibernate: select te1_0.id,te1_0.created_at,te1_0.display_name,te1_0.updated_at,te1_0.user_id from teachers te1_0 join users u1_0 on u1_0.id=te1_0.user_id where u1_0.id=?
Hibernate: select ue1_0.id,ue1_0.created_at,ue1_0.email,ue1_0.last_login_at,ue1_0.password_hash,r1_0.user_id,r1_0.role,ue1_0.status,ue1_0.updated_at from users ue1_0 left join user_roles r1_0 on ue1_0.id=r1_0.user_id where ue1_0.id=?
Hibernate: insert into users (created_at,email,last_login_at,password_hash,status,updated_at,id) values (?,?,?,?,?,?,?)
Hibernate: SELECT * FROM users WHERE email = CAST(? AS citext)
Hibernate: select r1_0.user_id,r1_0.role from user_roles r1_0 where r1_0.user_id=?
Hibernate: SELECT EXISTS(SELECT 1 FROM users WHERE email = CAST(? AS citext))
]]></system-out>
  <system-err><![CDATA[]]></system-err>
</testsuite>
