<?xml version="1.0" encoding="UTF-8"?>
<testsuite name="com.tutorplatform.student.api.TeacherStudentApiIntegrationTest" tests="9" skipped="0" failures="0" errors="0" timestamp="2026-09-07T11:21:50.268Z" hostname="Egors-MacBook-Pro.local" time="2.376">
  <properties/>
  <testcase name="ownershipMismatchIsNormalizedToStudentNotFound()" classname="com.tutorplatform.student.api.TeacherStudentApiIntegrationTest" time="0.074"/>
  <testcase name="createCreatesUnregisteredStudentAndPrimaryLinkForCurrentTeacher()" classname="com.tutorplatform.student.api.TeacherStudentApiIntegrationTest" time="0.053"/>
  <testcase name="listReturnsOnlyCurrentTeachersStudents()" classname="com.tutorplatform.student.api.TeacherStudentApiIntegrationTest" time="0.054"/>
  <testcase name="updateChangesOnlyProvidedNameFields()" classname="com.tutorplatform.student.api.TeacherStudentApiIntegrationTest" time="0.049"/>
  <testcase name="unregisteredAccountStatusIsReturnedAndCanBeFiltered()" classname="com.tutorplatform.student.api.TeacherStudentApiIntegrationTest" time="0.038"/>
  <testcase name="listUsesZeroBasedPagination()" classname="com.tutorplatform.student.api.TeacherStudentApiIntegrationTest" time="0.052"/>
  <testcase name="openApiPublishesStableTeacherStudentOperationIds()" classname="com.tutorplatform.student.api.TeacherStudentApiIntegrationTest" time="0.177"/>
  <testcase name="detailReturnsAccountAndPrimaryRelation()" classname="com.tutorplatform.student.api.TeacherStudentApiIntegrationTest" time="0.042"/>
  <testcase name="searchMatchesFirstOrLastNameCaseInsensitively()" classname="com.tutorplatform.student.api.TeacherStudentApiIntegrationTest" time="0.073"/>
  <system-out><![CDATA[2026-09-07T14:21:50.269+03:00  INFO 11250 --- [tutor-learning-platform-backend] [    Test worker] t.c.s.AnnotationConfigContextLoaderUtils : Could not detect default configuration classes for test class [com.tutorplatform.student.api.TeacherStudentApiIntegrationTest]: TeacherStudentApiIntegrationTest does not declare any static, non-private, non-final, nested classes annotated with @Configuration.
2026-09-07T14:21:50.271+03:00  INFO 11250 --- [tutor-learning-platform-backend] [    Test worker] .b.t.c.SpringBootTestContextBootstrapper : Found @SpringBootConfiguration com.tutorplatform.TutorLearningPlatformApplication for test class com.tutorplatform.student.api.TeacherStudentApiIntegrationTest
2026-09-07T14:21:50.273+03:00  INFO 11250 --- [tutor-learning-platform-backend] [    Test worker] tc.postgres:16-alpine                    : Creating container for image: postgres:16-alpine
2026-09-07T14:21:50.344+03:00  INFO 11250 --- [tutor-learning-platform-backend] [    Test worker] tc.postgres:16-alpine                    : Container postgres:16-alpine is starting: 7bf6deb54b1116a370860a776064fdb5fe1b201750dfe3f1063994e2783f8dfd
2026-09-07T14:21:51.359+03:00  INFO 11250 --- [tutor-learning-platform-backend] [    Test worker] tc.postgres:16-alpine                    : Container postgres:16-alpine started in PT1.085984S
2026-09-07T14:21:51.359+03:00  INFO 11250 --- [tutor-learning-platform-backend] [    Test worker] tc.postgres:16-alpine                    : Container is started (JDBC URL: jdbc:postgresql://localhost:53434/test?loggerLevel=OFF)

  .   ____          _            __ _ _
 /\\ / ___'_ __ _ _(_)_ __  __ _ \ \ \ \
( ( )\___ | '_ | '_| | '_ \/ _` | \ \ \ \
 \\/  ___)| |_)| | | | | || (_| |  ) ) ) )
  '  |____| .__|_| |_|_| |_\__, | / / / /
 =========|_|==============|___/=/_/_/_/

 :: Spring Boot ::                (v3.5.5)

2026-09-07T14:21:51.372+03:00  INFO 11250 --- [tutor-learning-platform-backend] [    Test worker] c.t.s.a.TeacherStudentApiIntegrationTest : Starting TeacherStudentApiIntegrationTest using Java 21.0.6 with PID 11250 (started by egorgladkikh in /Users/egorgladkikh/Desktop/tutor-learning-platform/backend)
2026-09-07T14:21:51.372+03:00  INFO 11250 --- [tutor-learning-platform-backend] [    Test worker] c.t.s.a.TeacherStudentApiIntegrationTest : No active profile set, falling back to 1 default profile: "default"
2026-09-07T14:21:51.518+03:00  INFO 11250 --- [tutor-learning-platform-backend] [    Test worker] .s.d.r.c.RepositoryConfigurationDelegate : Bootstrapping Spring Data JPA repositories in DEFAULT mode.
2026-09-07T14:21:51.529+03:00  INFO 11250 --- [tutor-learning-platform-backend] [    Test worker] .s.d.r.c.RepositoryConfigurationDelegate : Finished Spring Data repository scanning in 10 ms. Found 5 JPA repository interfaces.
2026-09-07T14:21:51.592+03:00  INFO 11250 --- [tutor-learning-platform-backend] [    Test worker] com.zaxxer.hikari.HikariDataSource       : HikariPool-3 - Starting...
2026-09-07T14:21:51.610+03:00  INFO 11250 --- [tutor-learning-platform-backend] [    Test worker] com.zaxxer.hikari.pool.HikariPool        : HikariPool-3 - Added connection org.postgresql.jdbc.PgConnection@18e50ef8
2026-09-07T14:21:51.610+03:00  INFO 11250 --- [tutor-learning-platform-backend] [    Test worker] com.zaxxer.hikari.HikariDataSource       : HikariPool-3 - Start completed.
2026-09-07T14:21:51.612+03:00  INFO 11250 --- [tutor-learning-platform-backend] [    Test worker] org.flywaydb.core.FlywayExecutor         : Database: jdbc:postgresql://localhost:53434/test?loggerLevel=OFF (PostgreSQL 16.15)
2026-09-07T14:21:51.623+03:00  INFO 11250 --- [tutor-learning-platform-backend] [    Test worker] o.f.c.i.s.JdbcTableSchemaHistory         : Schema history table "public"."flyway_schema_history" does not exist yet
2026-09-07T14:21:51.624+03:00  INFO 11250 --- [tutor-learning-platform-backend] [    Test worker] o.f.core.internal.command.DbValidate     : Successfully validated 2 migrations (execution time 00:00.004s)
2026-09-07T14:21:51.631+03:00  INFO 11250 --- [tutor-learning-platform-backend] [    Test worker] o.f.c.i.s.JdbcTableSchemaHistory         : Creating Schema History table "public"."flyway_schema_history" ...
2026-09-07T14:21:51.660+03:00  INFO 11250 --- [tutor-learning-platform-backend] [    Test worker] o.f.core.internal.command.DbMigrate      : Current version of schema "public": << Empty Schema >>
2026-09-07T14:21:51.663+03:00  INFO 11250 --- [tutor-learning-platform-backend] [    Test worker] o.f.core.internal.command.DbMigrate      : Migrating schema "public" to version "001 - extensions and identity"
2026-09-07T14:21:51.695+03:00  INFO 11250 --- [tutor-learning-platform-backend] [    Test worker] o.f.core.internal.command.DbMigrate      : Migrating schema "public" to version "002 - students and invites"
2026-09-07T14:21:51.711+03:00  INFO 11250 --- [tutor-learning-platform-backend] [    Test worker] o.f.core.internal.command.DbMigrate      : Successfully applied 2 migrations to schema "public", now at version v002 (execution time 00:00.034s)
2026-09-07T14:21:51.730+03:00  INFO 11250 --- [tutor-learning-platform-backend] [    Test worker] o.hibernate.jpa.internal.util.LogHelper  : HHH000204: Processing PersistenceUnitInfo [name: default]
2026-09-07T14:21:51.731+03:00  INFO 11250 --- [tutor-learning-platform-backend] [    Test worker] o.h.c.internal.RegionFactoryInitiator    : HHH000026: Second-level cache disabled
2026-09-07T14:21:51.735+03:00  INFO 11250 --- [tutor-learning-platform-backend] [    Test worker] o.s.o.j.p.SpringPersistenceUnitInfo      : No LoadTimeWeaver setup: ignoring JPA class transformer
2026-09-07T14:21:51.739+03:00  INFO 11250 --- [tutor-learning-platform-backend] [    Test worker] org.hibernate.orm.connections.pooling    : HHH10001005: Database info:
	Database JDBC URL [Connecting through datasource 'HikariDataSource (HikariPool-3)']
	Database driver: undefined/unknown
	Database version: 16.15
	Autocommit mode: undefined/unknown
	Isolation level: undefined/unknown
	Minimum pool size: undefined/unknown
	Maximum pool size: undefined/unknown
2026-09-07T14:21:51.768+03:00  INFO 11250 --- [tutor-learning-platform-backend] [    Test worker] o.h.e.t.j.p.i.JtaPlatformInitiator       : HHH000489: No JTA platform available (set 'hibernate.transaction.jta.platform' to enable JTA platform integration)
2026-09-07T14:21:51.779+03:00  INFO 11250 --- [tutor-learning-platform-backend] [    Test worker] j.LocalContainerEntityManagerFactoryBean : Initialized JPA EntityManagerFactory for persistence unit 'default'
2026-09-07T14:21:51.947+03:00  INFO 11250 --- [tutor-learning-platform-backend] [    Test worker] o.s.b.a.e.web.EndpointLinksResolver      : Exposing 2 endpoints beneath base path '/actuator'
2026-09-07T14:21:51.953+03:00  INFO 11250 --- [tutor-learning-platform-backend] [    Test worker] r$InitializeUserDetailsManagerConfigurer : Global AuthenticationManager configured with UserDetailsService bean with name databaseUserDetailsService
2026-09-07T14:21:52.016+03:00  INFO 11250 --- [tutor-learning-platform-backend] [    Test worker] o.s.b.t.m.w.SpringBootMockServletContext : Initializing Spring TestDispatcherServlet ''
2026-09-07T14:21:52.016+03:00  INFO 11250 --- [tutor-learning-platform-backend] [    Test worker] o.s.t.web.servlet.TestDispatcherServlet  : Initializing Servlet ''
2026-09-07T14:21:52.017+03:00  INFO 11250 --- [tutor-learning-platform-backend] [    Test worker] o.s.t.web.servlet.TestDispatcherServlet  : Completed initialization in 1 ms
2026-09-07T14:21:52.028+03:00  INFO 11250 --- [tutor-learning-platform-backend] [    Test worker] c.t.s.a.TeacherStudentApiIntegrationTest : Started TeacherStudentApiIntegrationTest in 0.667 seconds (process running for 14.833)
2026-09-07T14:21:52.521+03:00  INFO 11250 --- [tutor-learning-platform-backend] [    Test worker] o.springdoc.api.AbstractOpenApiResource  : Init duration for springdoc-openapi is: 142 ms
]]></system-out>
  <system-err><![CDATA[]]></system-err>
</testsuite>
