<?xml version="1.0" encoding="UTF-8"?>
<testsuite name="com.tutorplatform.student.api.PublicStudentInvitationApiIntegrationTest" tests="6" skipped="0" failures="0" errors="0" timestamp="2026-09-07T11:21:46.996Z" hostname="Egors-MacBook-Pro.local" time="3.095">
  <properties/>
  <testcase name="twoConcurrentAcceptsCreateExactlyOneUser()" classname="com.tutorplatform.student.api.PublicStudentInvitationApiIntegrationTest" time="0.249"/>
  <testcase name="acceptRejectsUnavailableEmailWithoutPartialChanges()" classname="com.tutorplatform.student.api.PublicStudentInvitationApiIntegrationTest" time="0.083"/>
  <testcase name="acceptCreatesStudentIdentityAndAuthenticatedSessionAtomically()" classname="com.tutorplatform.student.api.PublicStudentInvitationApiIntegrationTest" time="0.238"/>
  <testcase name="acceptRequiresCsrfAndOpenApiPublishesContract()" classname="com.tutorplatform.student.api.PublicStudentInvitationApiIntegrationTest" time="0.282"/>
  <testcase name="invalidTokenIsNotFoundAndKnownUnavailableStatesAreGone()" classname="com.tutorplatform.student.api.PublicStudentInvitationApiIntegrationTest" time="0.159"/>
  <testcase name="getReturnsOnlySafeInvitationMetadata()" classname="com.tutorplatform.student.api.PublicStudentInvitationApiIntegrationTest" time="0.049"/>
  <system-out><![CDATA[2026-09-07T14:21:46.999+03:00  INFO 11250 --- [tutor-learning-platform-backend] [    Test worker] t.c.s.AnnotationConfigContextLoaderUtils : Could not detect default configuration classes for test class [com.tutorplatform.student.api.PublicStudentInvitationApiIntegrationTest]: PublicStudentInvitationApiIntegrationTest does not declare any static, non-private, non-final, nested classes annotated with @Configuration.
2026-09-07T14:21:47.016+03:00  INFO 11250 --- [tutor-learning-platform-backend] [    Test worker] .b.t.c.SpringBootTestContextBootstrapper : Found @SpringBootConfiguration com.tutorplatform.TutorLearningPlatformApplication for test class com.tutorplatform.student.api.PublicStudentInvitationApiIntegrationTest
2026-09-07T14:21:47.018+03:00  INFO 11250 --- [tutor-learning-platform-backend] [    Test worker] tc.postgres:16-alpine                    : Creating container for image: postgres:16-alpine
2026-09-07T14:21:47.083+03:00  INFO 11250 --- [tutor-learning-platform-backend] [    Test worker] tc.postgres:16-alpine                    : Container postgres:16-alpine is starting: a3ece7d32224379f4bb6eae4c2acdd81073fc4c6f47391c96514c0193be4edc3
2026-09-07T14:21:48.079+03:00  INFO 11250 --- [tutor-learning-platform-backend] [    Test worker] tc.postgres:16-alpine                    : Container postgres:16-alpine started in PT1.061248S
2026-09-07T14:21:48.080+03:00  INFO 11250 --- [tutor-learning-platform-backend] [    Test worker] tc.postgres:16-alpine                    : Container is started (JDBC URL: jdbc:postgresql://localhost:53182/test?loggerLevel=OFF)

  .   ____          _            __ _ _
 /\\ / ___'_ __ _ _(_)_ __  __ _ \ \ \ \
( ( )\___ | '_ | '_| | '_ \/ _` | \ \ \ \
 \\/  ___)| |_)| | | | | || (_| |  ) ) ) )
  '  |____| .__|_| |_|_| |_\__, | / / / /
 =========|_|==============|___/=/_/_/_/

 :: Spring Boot ::                (v3.5.5)

2026-09-07T14:21:48.104+03:00  INFO 11250 --- [tutor-learning-platform-backend] [    Test worker] ublicStudentInvitationApiIntegrationTest : Starting PublicStudentInvitationApiIntegrationTest using Java 21.0.6 with PID 11250 (started by egorgladkikh in /Users/egorgladkikh/Desktop/tutor-learning-platform/backend)
2026-09-07T14:21:48.104+03:00  INFO 11250 --- [tutor-learning-platform-backend] [    Test worker] ublicStudentInvitationApiIntegrationTest : No active profile set, falling back to 1 default profile: "default"
2026-09-07T14:21:48.387+03:00  INFO 11250 --- [tutor-learning-platform-backend] [    Test worker] .s.d.r.c.RepositoryConfigurationDelegate : Bootstrapping Spring Data JPA repositories in DEFAULT mode.
2026-09-07T14:21:48.398+03:00  INFO 11250 --- [tutor-learning-platform-backend] [    Test worker] .s.d.r.c.RepositoryConfigurationDelegate : Finished Spring Data repository scanning in 9 ms. Found 5 JPA repository interfaces.
2026-09-07T14:21:48.468+03:00  INFO 11250 --- [tutor-learning-platform-backend] [    Test worker] com.zaxxer.hikari.HikariDataSource       : HikariPool-2 - Starting...
2026-09-07T14:21:48.540+03:00  INFO 11250 --- [tutor-learning-platform-backend] [    Test worker] com.zaxxer.hikari.pool.HikariPool        : HikariPool-2 - Added connection org.postgresql.jdbc.PgConnection@30c6e2e
2026-09-07T14:21:48.541+03:00  INFO 11250 --- [tutor-learning-platform-backend] [    Test worker] com.zaxxer.hikari.HikariDataSource       : HikariPool-2 - Start completed.
2026-09-07T14:21:48.542+03:00  INFO 11250 --- [tutor-learning-platform-backend] [    Test worker] org.flywaydb.core.FlywayExecutor         : Database: jdbc:postgresql://localhost:53182/test?loggerLevel=OFF (PostgreSQL 16.15)
2026-09-07T14:21:48.554+03:00  INFO 11250 --- [tutor-learning-platform-backend] [    Test worker] o.f.c.i.s.JdbcTableSchemaHistory         : Schema history table "public"."flyway_schema_history" does not exist yet
2026-09-07T14:21:48.554+03:00  INFO 11250 --- [tutor-learning-platform-backend] [    Test worker] o.f.core.internal.command.DbValidate     : Successfully validated 2 migrations (execution time 00:00.003s)
2026-09-07T14:21:48.562+03:00  INFO 11250 --- [tutor-learning-platform-backend] [    Test worker] o.f.c.i.s.JdbcTableSchemaHistory         : Creating Schema History table "public"."flyway_schema_history" ...
2026-09-07T14:21:48.589+03:00  INFO 11250 --- [tutor-learning-platform-backend] [    Test worker] o.f.core.internal.command.DbMigrate      : Current version of schema "public": << Empty Schema >>
2026-09-07T14:21:48.592+03:00  INFO 11250 --- [tutor-learning-platform-backend] [    Test worker] o.f.core.internal.command.DbMigrate      : Migrating schema "public" to version "001 - extensions and identity"
2026-09-07T14:21:48.638+03:00  INFO 11250 --- [tutor-learning-platform-backend] [    Test worker] o.f.core.internal.command.DbMigrate      : Migrating schema "public" to version "002 - students and invites"
2026-09-07T14:21:48.657+03:00  INFO 11250 --- [tutor-learning-platform-backend] [    Test worker] o.f.core.internal.command.DbMigrate      : Successfully applied 2 migrations to schema "public", now at version v002 (execution time 00:00.046s)
2026-09-07T14:21:48.679+03:00  INFO 11250 --- [tutor-learning-platform-backend] [    Test worker] o.hibernate.jpa.internal.util.LogHelper  : HHH000204: Processing PersistenceUnitInfo [name: default]
2026-09-07T14:21:48.681+03:00  INFO 11250 --- [tutor-learning-platform-backend] [    Test worker] o.h.c.internal.RegionFactoryInitiator    : HHH000026: Second-level cache disabled
2026-09-07T14:21:48.687+03:00  INFO 11250 --- [tutor-learning-platform-backend] [    Test worker] o.s.o.j.p.SpringPersistenceUnitInfo      : No LoadTimeWeaver setup: ignoring JPA class transformer
2026-09-07T14:21:48.691+03:00  INFO 11250 --- [tutor-learning-platform-backend] [    Test worker] org.hibernate.orm.connections.pooling    : HHH10001005: Database info:
	Database JDBC URL [Connecting through datasource 'HikariDataSource (HikariPool-2)']
	Database driver: undefined/unknown
	Database version: 16.15
	Autocommit mode: undefined/unknown
	Isolation level: undefined/unknown
	Minimum pool size: undefined/unknown
	Maximum pool size: undefined/unknown
2026-09-07T14:21:48.730+03:00  INFO 11250 --- [tutor-learning-platform-backend] [    Test worker] o.h.e.t.j.p.i.JtaPlatformInitiator       : HHH000489: No JTA platform available (set 'hibernate.transaction.jta.platform' to enable JTA platform integration)
2026-09-07T14:21:48.742+03:00  INFO 11250 --- [tutor-learning-platform-backend] [    Test worker] j.LocalContainerEntityManagerFactoryBean : Initialized JPA EntityManagerFactory for persistence unit 'default'
2026-09-07T14:21:48.911+03:00  INFO 11250 --- [tutor-learning-platform-backend] [    Test worker] o.s.b.a.e.web.EndpointLinksResolver      : Exposing 2 endpoints beneath base path '/actuator'
2026-09-07T14:21:48.919+03:00  INFO 11250 --- [tutor-learning-platform-backend] [    Test worker] r$InitializeUserDetailsManagerConfigurer : Global AuthenticationManager configured with UserDetailsService bean with name databaseUserDetailsService
2026-09-07T14:21:49.013+03:00  INFO 11250 --- [tutor-learning-platform-backend] [    Test worker] o.s.b.t.m.w.SpringBootMockServletContext : Initializing Spring TestDispatcherServlet ''
2026-09-07T14:21:49.013+03:00  INFO 11250 --- [tutor-learning-platform-backend] [    Test worker] o.s.t.web.servlet.TestDispatcherServlet  : Initializing Servlet ''
2026-09-07T14:21:49.013+03:00  INFO 11250 --- [tutor-learning-platform-backend] [    Test worker] o.s.t.web.servlet.TestDispatcherServlet  : Completed initialization in 0 ms
2026-09-07T14:21:49.026+03:00  INFO 11250 --- [tutor-learning-platform-backend] [    Test worker] ublicStudentInvitationApiIntegrationTest : Started PublicStudentInvitationApiIntegrationTest in 0.944 seconds (process running for 11.832)
2026-09-07T14:21:49.874+03:00  INFO 11250 --- [tutor-learning-platform-backend] [    Test worker] o.springdoc.api.AbstractOpenApiResource  : Init duration for springdoc-openapi is: 224 ms
]]></system-out>
  <system-err><![CDATA[]]></system-err>
</testsuite>
