<?xml version="1.0" encoding="UTF-8"?>
<testsuite name="com.tutorplatform.student.api.TeacherStudentInviteApiIntegrationTest" tests="6" skipped="0" failures="0" errors="0" timestamp="2026-09-07T11:21:52.823Z" hostname="Egors-MacBook-Pro.local" time="2.431">
  <properties/>
  <testcase name="createReturnsRawTokenOnceButStoresOnlyHashAndDoesNotLogToken(CapturedOutput)" classname="com.tutorplatform.student.api.TeacherStudentInviteApiIntegrationTest" time="0.107"/>
  <testcase name="openApiPublishesInviteOperationIdsAndStatusEnum()" classname="com.tutorplatform.student.api.TeacherStudentInviteApiIntegrationTest" time="0.203"/>
  <testcase name="creatingAnotherInviteRevokesPreviousActiveInviteAndListNeverReturnsSecrets()" classname="com.tutorplatform.student.api.TeacherStudentInviteApiIntegrationTest" time="0.089"/>
  <testcase name="listComputesAcceptedRevokedAndExpiredStatuses()" classname="com.tutorplatform.student.api.TeacherStudentInviteApiIntegrationTest" time="0.058"/>
  <testcase name="revokeIsIdempotentAndRejectsAcceptedOrInvisibleInvites()" classname="com.tutorplatform.student.api.TeacherStudentInviteApiIntegrationTest" time="0.103"/>
  <testcase name="createChecksOwnershipRegistrationStateAndUserEmailConflicts()" classname="com.tutorplatform.student.api.TeacherStudentInviteApiIntegrationTest" time="0.077"/>
  <system-out><![CDATA[2026-09-07T14:21:52.824+03:00  INFO 11250 --- [tutor-learning-platform-backend] [    Test worker] t.c.s.AnnotationConfigContextLoaderUtils : Could not detect default configuration classes for test class [com.tutorplatform.student.api.TeacherStudentInviteApiIntegrationTest]: TeacherStudentInviteApiIntegrationTest does not declare any static, non-private, non-final, nested classes annotated with @Configuration.
2026-09-07T14:21:52.825+03:00  INFO 11250 --- [tutor-learning-platform-backend] [    Test worker] .b.t.c.SpringBootTestContextBootstrapper : Found @SpringBootConfiguration com.tutorplatform.TutorLearningPlatformApplication for test class com.tutorplatform.student.api.TeacherStudentInviteApiIntegrationTest
2026-09-07T14:21:52.826+03:00  INFO 11250 --- [tutor-learning-platform-backend] [    Test worker] tc.postgres:16-alpine                    : Creating container for image: postgres:16-alpine
2026-09-07T14:21:52.930+03:00  INFO 11250 --- [tutor-learning-platform-backend] [    Test worker] tc.postgres:16-alpine                    : Container postgres:16-alpine is starting: be311dc982da5dddc01451ea5694f9de1360044c35ce64f48690474deb6ce2a7
2026-09-07T14:21:54.054+03:00  INFO 11250 --- [tutor-learning-platform-backend] [    Test worker] tc.postgres:16-alpine                    : Container postgres:16-alpine started in PT1.228015S
2026-09-07T14:21:54.055+03:00  INFO 11250 --- [tutor-learning-platform-backend] [    Test worker] tc.postgres:16-alpine                    : Container is started (JDBC URL: jdbc:postgresql://localhost:53668/test?loggerLevel=OFF)

  .   ____          _            __ _ _
 /\\ / ___'_ __ _ _(_)_ __  __ _ \ \ \ \
( ( )\___ | '_ | '_| | '_ \/ _` | \ \ \ \
 \\/  ___)| |_)| | | | | || (_| |  ) ) ) )
  '  |____| .__|_| |_|_| |_\__, | / / / /
 =========|_|==============|___/=/_/_/_/

 :: Spring Boot ::                (v3.5.5)

2026-09-07T14:21:54.071+03:00  INFO 11250 --- [tutor-learning-platform-backend] [    Test worker] a.TeacherStudentInviteApiIntegrationTest : Starting TeacherStudentInviteApiIntegrationTest using Java 21.0.6 with PID 11250 (started by egorgladkikh in /Users/egorgladkikh/Desktop/tutor-learning-platform/backend)
2026-09-07T14:21:54.071+03:00  INFO 11250 --- [tutor-learning-platform-backend] [    Test worker] a.TeacherStudentInviteApiIntegrationTest : No active profile set, falling back to 1 default profile: "default"
2026-09-07T14:21:54.216+03:00  INFO 11250 --- [tutor-learning-platform-backend] [    Test worker] .s.d.r.c.RepositoryConfigurationDelegate : Bootstrapping Spring Data JPA repositories in DEFAULT mode.
2026-09-07T14:21:54.223+03:00  INFO 11250 --- [tutor-learning-platform-backend] [    Test worker] .s.d.r.c.RepositoryConfigurationDelegate : Finished Spring Data repository scanning in 6 ms. Found 5 JPA repository interfaces.
2026-09-07T14:21:54.258+03:00  INFO 11250 --- [tutor-learning-platform-backend] [    Test worker] com.zaxxer.hikari.HikariDataSource       : HikariPool-4 - Starting...
2026-09-07T14:21:54.277+03:00  INFO 11250 --- [tutor-learning-platform-backend] [    Test worker] com.zaxxer.hikari.pool.HikariPool        : HikariPool-4 - Added connection org.postgresql.jdbc.PgConnection@66ac9c8e
2026-09-07T14:21:54.277+03:00  INFO 11250 --- [tutor-learning-platform-backend] [    Test worker] com.zaxxer.hikari.HikariDataSource       : HikariPool-4 - Start completed.
2026-09-07T14:21:54.279+03:00  INFO 11250 --- [tutor-learning-platform-backend] [    Test worker] org.flywaydb.core.FlywayExecutor         : Database: jdbc:postgresql://localhost:53668/test?loggerLevel=OFF (PostgreSQL 16.15)
2026-09-07T14:21:54.289+03:00  INFO 11250 --- [tutor-learning-platform-backend] [    Test worker] o.f.c.i.s.JdbcTableSchemaHistory         : Schema history table "public"."flyway_schema_history" does not exist yet
2026-09-07T14:21:54.289+03:00  INFO 11250 --- [tutor-learning-platform-backend] [    Test worker] o.f.core.internal.command.DbValidate     : Successfully validated 2 migrations (execution time 00:00.003s)
2026-09-07T14:21:54.296+03:00  INFO 11250 --- [tutor-learning-platform-backend] [    Test worker] o.f.c.i.s.JdbcTableSchemaHistory         : Creating Schema History table "public"."flyway_schema_history" ...
2026-09-07T14:21:54.315+03:00  INFO 11250 --- [tutor-learning-platform-backend] [    Test worker] o.f.core.internal.command.DbMigrate      : Current version of schema "public": << Empty Schema >>
2026-09-07T14:21:54.317+03:00  INFO 11250 --- [tutor-learning-platform-backend] [    Test worker] o.f.core.internal.command.DbMigrate      : Migrating schema "public" to version "001 - extensions and identity"
2026-09-07T14:21:54.345+03:00  INFO 11250 --- [tutor-learning-platform-backend] [    Test worker] o.f.core.internal.command.DbMigrate      : Migrating schema "public" to version "002 - students and invites"
2026-09-07T14:21:54.362+03:00  INFO 11250 --- [tutor-learning-platform-backend] [    Test worker] o.f.core.internal.command.DbMigrate      : Successfully applied 2 migrations to schema "public", now at version v002 (execution time 00:00.031s)
2026-09-07T14:21:54.384+03:00  INFO 11250 --- [tutor-learning-platform-backend] [    Test worker] o.hibernate.jpa.internal.util.LogHelper  : HHH000204: Processing PersistenceUnitInfo [name: default]
2026-09-07T14:21:54.385+03:00  INFO 11250 --- [tutor-learning-platform-backend] [    Test worker] o.h.c.internal.RegionFactoryInitiator    : HHH000026: Second-level cache disabled
2026-09-07T14:21:54.389+03:00  INFO 11250 --- [tutor-learning-platform-backend] [    Test worker] o.s.o.j.p.SpringPersistenceUnitInfo      : No LoadTimeWeaver setup: ignoring JPA class transformer
2026-09-07T14:21:54.394+03:00  INFO 11250 --- [tutor-learning-platform-backend] [    Test worker] org.hibernate.orm.connections.pooling    : HHH10001005: Database info:
	Database JDBC URL [Connecting through datasource 'HikariDataSource (HikariPool-4)']
	Database driver: undefined/unknown
	Database version: 16.15
	Autocommit mode: undefined/unknown
	Isolation level: undefined/unknown
	Minimum pool size: undefined/unknown
	Maximum pool size: undefined/unknown
2026-09-07T14:21:54.422+03:00  INFO 11250 --- [tutor-learning-platform-backend] [    Test worker] o.h.e.t.j.p.i.JtaPlatformInitiator       : HHH000489: No JTA platform available (set 'hibernate.transaction.jta.platform' to enable JTA platform integration)
2026-09-07T14:21:54.435+03:00  INFO 11250 --- [tutor-learning-platform-backend] [    Test worker] j.LocalContainerEntityManagerFactoryBean : Initialized JPA EntityManagerFactory for persistence unit 'default'
2026-09-07T14:21:54.534+03:00  INFO 11250 --- [tutor-learning-platform-backend] [    Test worker] o.s.b.a.e.web.EndpointLinksResolver      : Exposing 2 endpoints beneath base path '/actuator'
2026-09-07T14:21:54.540+03:00  INFO 11250 --- [tutor-learning-platform-backend] [    Test worker] r$InitializeUserDetailsManagerConfigurer : Global AuthenticationManager configured with UserDetailsService bean with name databaseUserDetailsService
2026-09-07T14:21:54.601+03:00  INFO 11250 --- [tutor-learning-platform-backend] [    Test worker] o.s.b.t.m.w.SpringBootMockServletContext : Initializing Spring TestDispatcherServlet ''
2026-09-07T14:21:54.601+03:00  INFO 11250 --- [tutor-learning-platform-backend] [    Test worker] o.s.t.web.servlet.TestDispatcherServlet  : Initializing Servlet ''
2026-09-07T14:21:54.601+03:00  INFO 11250 --- [tutor-learning-platform-backend] [    Test worker] o.s.t.web.servlet.TestDispatcherServlet  : Completed initialization in 0 ms
2026-09-07T14:21:54.614+03:00  INFO 11250 --- [tutor-learning-platform-backend] [    Test worker] a.TeacherStudentInviteApiIntegrationTest : Started TeacherStudentInviteApiIntegrationTest in 0.556 seconds (process running for 17.419)
2026-09-07T14:21:54.920+03:00  INFO 11250 --- [tutor-learning-platform-backend] [    Test worker] o.springdoc.api.AbstractOpenApiResource  : Init duration for springdoc-openapi is: 172 ms
]]></system-out>
  <system-err><![CDATA[]]></system-err>
</testsuite>
