<?xml version="1.0" encoding="UTF-8"?>
<testsuite name="com.tutorplatform.auth.api.AuthIntegrationTest" tests="8" skipped="0" failures="0" errors="0" timestamp="2026-09-07T11:21:37.796Z" hostname="Egors-MacBook-Pro.local" time="8.414">
  <properties/>
  <testcase name="loginCreatesSessionAndUnknownEmailAndWrongPasswordReturnSameError()" classname="com.tutorplatform.auth.api.AuthIntegrationTest" time="0.956"/>
  <testcase name="stateChangingAuthEndpointsRequireCsrf()" classname="com.tutorplatform.auth.api.AuthIntegrationTest" time="0.031"/>
  <testcase name="registerTeacherCreatesIdentityAtomicallyAndAuthenticatedSession()" classname="com.tutorplatform.auth.api.AuthIntegrationTest" time="0.203"/>
  <testcase name="openApiPublishesStableAuthOperationIdsAndSchemas()" classname="com.tutorplatform.auth.api.AuthIntegrationTest" time="0.383"/>
  <testcase name="csrfEndpointReturnsTokenAndCreatesSession()" classname="com.tutorplatform.auth.api.AuthIntegrationTest" time="0.015"/>
  <testcase name="registrationValidationReturnsStandardValidationError()" classname="com.tutorplatform.auth.api.AuthIntegrationTest" time="0.056"/>
  <testcase name="currentUserRequiresSessionAndLogoutInvalidatesIt()" classname="com.tutorplatform.auth.api.AuthIntegrationTest" time="0.138"/>
  <testcase name="duplicateEmailReturnsConflictWithoutPartialTeacher()" classname="com.tutorplatform.auth.api.AuthIntegrationTest" time="0.136"/>
  <system-out><![CDATA[14:21:37.863 [Test worker] INFO org.springframework.test.context.support.AnnotationConfigContextLoaderUtils -- Could not detect default configuration classes for test class [com.tutorplatform.auth.api.AuthIntegrationTest]: AuthIntegrationTest does not declare any static, non-private, non-final, nested classes annotated with @Configuration.
14:21:37.950 [Test worker] INFO org.springframework.boot.test.context.SpringBootTestContextBootstrapper -- Found @SpringBootConfiguration com.tutorplatform.TutorLearningPlatformApplication for test class com.tutorplatform.auth.api.AuthIntegrationTest
14:21:38.018 [Test worker] INFO org.testcontainers.images.PullPolicy -- Image pull policy will be performed by: DefaultPullPolicy()
14:21:38.019 [Test worker] INFO org.testcontainers.utility.ImageNameSubstitutor -- Image name substitution will be performed by: DefaultImageNameSubstitutor (composite of 'ConfigurationFileImageNameSubstitutor' and 'PrefixingImageNameSubstitutor')
14:21:38.025 [Test worker] INFO org.testcontainers.DockerClientFactory -- Testcontainers version: 2.0.5
14:21:38.172 [Test worker] INFO org.testcontainers.dockerclient.DockerClientProviderStrategy -- Loaded org.testcontainers.dockerclient.UnixSocketClientProviderStrategy from ~/.testcontainers.properties, will try it first
14:21:38.417 [Test worker] INFO org.testcontainers.dockerclient.DockerClientProviderStrategy -- Found Docker environment with local Unix socket (unix:///var/run/docker.sock)
14:21:38.418 [Test worker] INFO org.testcontainers.DockerClientFactory -- Docker host IP address is localhost
14:21:38.432 [Test worker] INFO org.testcontainers.DockerClientFactory -- Connected to docker: 
  Server Version: 29.7.2
  API Version: 1.55
  Operating System: Docker Desktop
  Total Memory: 7934 MB
  Labels: 
    com.docker.desktop.address=unix:///Users/egorgladkikh/Library/Containers/com.docker.docker/Data/docker-cli.sock
14:21:38.521 [Test worker] INFO tc.testcontainers/ryuk:0.14.0 -- Creating container for image: testcontainers/ryuk:0.14.0
14:21:38.561 [Test worker] INFO org.testcontainers.utility.RegistryAuthLocator -- Credential helper/store (docker-credential-osxkeychain) does not have credentials for https://index.docker.io/v1/
14:21:38.650 [Test worker] INFO tc.testcontainers/ryuk:0.14.0 -- Container testcontainers/ryuk:0.14.0 is starting: ff5f2fc372daf39642794b051b503db67c18d6710d3ecf73faef24c14ecece0f
14:21:39.005 [Test worker] INFO tc.testcontainers/ryuk:0.14.0 -- Container testcontainers/ryuk:0.14.0 started in PT0.484805S
14:21:39.009 [Test worker] INFO org.testcontainers.utility.RyukResourceReaper -- Ryuk started - will monitor and terminate Testcontainers containers on JVM exit
14:21:39.009 [Test worker] INFO org.testcontainers.DockerClientFactory -- Checking the system...
14:21:39.010 [Test worker] INFO org.testcontainers.DockerClientFactory -- ✔︎ Docker server version should be at least 1.6.0
14:21:39.010 [Test worker] INFO tc.postgres:16-alpine -- Creating container for image: postgres:16-alpine
14:21:39.072 [Test worker] INFO tc.postgres:16-alpine -- Container postgres:16-alpine is starting: c81b9add124f7ae3316207e1d60780b39a3f1f94c037650a49caa8512cf239ca
14:21:40.242 [Test worker] INFO tc.postgres:16-alpine -- Container postgres:16-alpine started in PT1.232393S
14:21:40.243 [Test worker] INFO tc.postgres:16-alpine -- Container is started (JDBC URL: jdbc:postgresql://localhost:52464/test?loggerLevel=OFF)

  .   ____          _            __ _ _
 /\\ / ___'_ __ _ _(_)_ __  __ _ \ \ \ \
( ( )\___ | '_ | '_| | '_ \/ _` | \ \ \ \
 \\/  ___)| |_)| | | | | || (_| |  ) ) ) )
  '  |____| .__|_| |_|_| |_\__, | / / / /
 =========|_|==============|___/=/_/_/_/

 :: Spring Boot ::                (v3.5.5)

2026-09-07T14:21:40.480+03:00  INFO 11250 --- [tutor-learning-platform-backend] [    Test worker] c.t.auth.api.AuthIntegrationTest         : Starting AuthIntegrationTest using Java 21.0.6 with PID 11250 (started by egorgladkikh in /Users/egorgladkikh/Desktop/tutor-learning-platform/backend)
2026-09-07T14:21:40.481+03:00  INFO 11250 --- [tutor-learning-platform-backend] [    Test worker] c.t.auth.api.AuthIntegrationTest         : No active profile set, falling back to 1 default profile: "default"
2026-09-07T14:21:41.158+03:00  INFO 11250 --- [tutor-learning-platform-backend] [    Test worker] .s.d.r.c.RepositoryConfigurationDelegate : Bootstrapping Spring Data JPA repositories in DEFAULT mode.
2026-09-07T14:21:41.190+03:00  INFO 11250 --- [tutor-learning-platform-backend] [    Test worker] .s.d.r.c.RepositoryConfigurationDelegate : Finished Spring Data repository scanning in 26 ms. Found 5 JPA repository interfaces.
2026-09-07T14:21:41.499+03:00  INFO 11250 --- [tutor-learning-platform-backend] [    Test worker] com.zaxxer.hikari.HikariDataSource       : HikariPool-1 - Starting...
2026-09-07T14:21:41.619+03:00  INFO 11250 --- [tutor-learning-platform-backend] [    Test worker] com.zaxxer.hikari.pool.HikariPool        : HikariPool-1 - Added connection org.postgresql.jdbc.PgConnection@5b2ade46
2026-09-07T14:21:41.620+03:00  INFO 11250 --- [tutor-learning-platform-backend] [    Test worker] com.zaxxer.hikari.HikariDataSource       : HikariPool-1 - Start completed.
2026-09-07T14:21:41.639+03:00  INFO 11250 --- [tutor-learning-platform-backend] [    Test worker] org.flywaydb.core.FlywayExecutor         : Database: jdbc:postgresql://localhost:52464/test?loggerLevel=OFF (PostgreSQL 16.15)
2026-09-07T14:21:41.673+03:00  INFO 11250 --- [tutor-learning-platform-backend] [    Test worker] o.f.c.i.s.JdbcTableSchemaHistory         : Schema history table "public"."flyway_schema_history" does not exist yet
2026-09-07T14:21:41.676+03:00  INFO 11250 --- [tutor-learning-platform-backend] [    Test worker] o.f.core.internal.command.DbValidate     : Successfully validated 2 migrations (execution time 00:00.014s)
2026-09-07T14:21:41.687+03:00  INFO 11250 --- [tutor-learning-platform-backend] [    Test worker] o.f.c.i.s.JdbcTableSchemaHistory         : Creating Schema History table "public"."flyway_schema_history" ...
2026-09-07T14:21:41.780+03:00  INFO 11250 --- [tutor-learning-platform-backend] [    Test worker] o.f.core.internal.command.DbMigrate      : Current version of schema "public": << Empty Schema >>
2026-09-07T14:21:41.790+03:00  INFO 11250 --- [tutor-learning-platform-backend] [    Test worker] o.f.core.internal.command.DbMigrate      : Migrating schema "public" to version "001 - extensions and identity"
2026-09-07T14:21:41.842+03:00  INFO 11250 --- [tutor-learning-platform-backend] [    Test worker] o.f.core.internal.command.DbMigrate      : Migrating schema "public" to version "002 - students and invites"
2026-09-07T14:21:41.865+03:00  INFO 11250 --- [tutor-learning-platform-backend] [    Test worker] o.f.core.internal.command.DbMigrate      : Successfully applied 2 migrations to schema "public", now at version v002 (execution time 00:00.049s)
2026-09-07T14:21:41.957+03:00  INFO 11250 --- [tutor-learning-platform-backend] [    Test worker] o.hibernate.jpa.internal.util.LogHelper  : HHH000204: Processing PersistenceUnitInfo [name: default]
2026-09-07T14:21:41.983+03:00  INFO 11250 --- [tutor-learning-platform-backend] [    Test worker] org.hibernate.Version                    : HHH000412: Hibernate ORM core version 6.6.26.Final
2026-09-07T14:21:42.000+03:00  INFO 11250 --- [tutor-learning-platform-backend] [    Test worker] o.h.c.internal.RegionFactoryInitiator    : HHH000026: Second-level cache disabled
2026-09-07T14:21:42.134+03:00  INFO 11250 --- [tutor-learning-platform-backend] [    Test worker] o.s.o.j.p.SpringPersistenceUnitInfo      : No LoadTimeWeaver setup: ignoring JPA class transformer
2026-09-07T14:21:42.180+03:00  INFO 11250 --- [tutor-learning-platform-backend] [    Test worker] org.hibernate.orm.connections.pooling    : HHH10001005: Database info:
	Database JDBC URL [Connecting through datasource 'HikariDataSource (HikariPool-1)']
	Database driver: undefined/unknown
	Database version: 16.15
	Autocommit mode: undefined/unknown
	Isolation level: undefined/unknown
	Minimum pool size: undefined/unknown
	Maximum pool size: undefined/unknown
2026-09-07T14:21:42.771+03:00  INFO 11250 --- [tutor-learning-platform-backend] [    Test worker] o.h.e.t.j.p.i.JtaPlatformInitiator       : HHH000489: No JTA platform available (set 'hibernate.transaction.jta.platform' to enable JTA platform integration)
2026-09-07T14:21:42.805+03:00  INFO 11250 --- [tutor-learning-platform-backend] [    Test worker] j.LocalContainerEntityManagerFactoryBean : Initialized JPA EntityManagerFactory for persistence unit 'default'
2026-09-07T14:21:42.938+03:00  INFO 11250 --- [tutor-learning-platform-backend] [    Test worker] o.s.d.j.r.query.QueryEnhancerFactory     : Hibernate is in classpath; If applicable, HQL parser will be used.
2026-09-07T14:21:43.819+03:00  INFO 11250 --- [tutor-learning-platform-backend] [    Test worker] o.s.b.a.e.web.EndpointLinksResolver      : Exposing 2 endpoints beneath base path '/actuator'
2026-09-07T14:21:43.835+03:00  INFO 11250 --- [tutor-learning-platform-backend] [    Test worker] r$InitializeUserDetailsManagerConfigurer : Global AuthenticationManager configured with UserDetailsService bean with name databaseUserDetailsService
2026-09-07T14:21:44.195+03:00  INFO 11250 --- [tutor-learning-platform-backend] [    Test worker] o.s.b.t.m.w.SpringBootMockServletContext : Initializing Spring TestDispatcherServlet ''
2026-09-07T14:21:44.196+03:00  INFO 11250 --- [tutor-learning-platform-backend] [    Test worker] o.s.t.web.servlet.TestDispatcherServlet  : Initializing Servlet ''
2026-09-07T14:21:44.197+03:00  INFO 11250 --- [tutor-learning-platform-backend] [    Test worker] o.s.t.web.servlet.TestDispatcherServlet  : Completed initialization in 1 ms
2026-09-07T14:21:44.241+03:00  INFO 11250 --- [tutor-learning-platform-backend] [    Test worker] c.t.auth.api.AuthIntegrationTest         : Started AuthIntegrationTest in 3.976 seconds (process running for 7.047)
2026-09-07T14:21:45.818+03:00  INFO 11250 --- [tutor-learning-platform-backend] [    Test worker] o.springdoc.api.AbstractOpenApiResource  : Init duration for springdoc-openapi is: 318 ms
]]></system-out>
  <system-err><![CDATA[Mockito is currently self-attaching to enable the inline-mock-maker. This will no longer work in future releases of the JDK. Please add Mockito as an agent to your build as described in Mockito's documentation: https://javadoc.io/doc/org.mockito/mockito-core/latest/org.mockito/org/mockito/Mockito.html#0.3
WARNING: A Java agent has been loaded dynamically (/Users/egorgladkikh/.gradle/caches/modules-2/files-2.1/net.bytebuddy/byte-buddy-agent/1.17.7/fbf3d6d649ed37fc9e9c59480a05be0a26e3c2da/byte-buddy-agent-1.17.7.jar)
WARNING: If a serviceability tool is in use, please run with -XX:+EnableDynamicAgentLoading to hide this warning
WARNING: If a serviceability tool is not in use, please run with -Djdk.instrument.traceUsage for more information
WARNING: Dynamic loading of agents will be disallowed by default in a future release
]]></system-err>
</testsuite>
